<?xml version="1.0" encoding="UTF-8"?>
<testng-results skipped="0" failed="0" ignored="5" total="6" passed="1">
  <reporter-output>
  </reporter-output>
  <suite name="Regression Suite" duration-ms="12847" started-at="2019-06-16T18:23:17Z" finished-at="2019-06-16T18:23:30Z">
    <groups>
      <group name="regression">
        <method signature="LoginPageTest.negativeLogin()[pri:0, instance:com.syntax.testcases.LoginPageTest@27c20538]" name="negativeLogin" class="com.syntax.testcases.LoginPageTest"/>
      </group> <!-- regression -->
    </groups>
    <test name="Regression Test" duration-ms="12847" started-at="2019-06-16T18:23:17Z" finished-at="2019-06-16T18:23:30Z">
      <class name="com.syntax.testcases.LoginPageTest">
        <test-method status="PASS" signature="generateReport()[pri:0, instance:com.syntax.testcases.LoginPageTest@27c20538]" name="generateReport" is-config="true" duration-ms="230" started-at="2019-06-16T18:23:17Z" finished-at="2019-06-16T18:23:17Z">
          <reporter-output>
          </reporter-output>
        </test-method> <!-- generateReport -->
        <test-method status="PASS" signature="setUp()[pri:0, instance:com.syntax.testcases.LoginPageTest@27c20538]" name="setUp" is-config="true" duration-ms="6878" started-at="2019-06-16T18:23:17Z" finished-at="2019-06-16T18:23:24Z">
          <reporter-output>
          </reporter-output>
        </test-method> <!-- setUp -->
        <test-method status="PASS" signature="negativeLogin()[pri:0, instance:com.syntax.testcases.LoginPageTest@27c20538]" name="negativeLogin" duration-ms="3682" started-at="2019-06-16T18:23:24Z" finished-at="2019-06-16T18:23:28Z">
          <reporter-output>
          </reporter-output>
        </test-method> <!-- negativeLogin -->
        <test-method status="PASS" signature="tearDown()[pri:0, instance:com.syntax.testcases.LoginPageTest@27c20538]" name="tearDown" is-config="true" duration-ms="822" started-at="2019-06-16T18:23:28Z" finished-at="2019-06-16T18:23:29Z">
          <reporter-output>
          </reporter-output>
        </test-method> <!-- tearDown -->
        <test-method status="PASS" signature="flushReport()[pri:0, instance:com.syntax.testcases.LoginPageTest@27c20538]" name="flushReport" is-config="true" duration-ms="499" started-at="2019-06-16T18:23:29Z" finished-at="2019-06-16T18:23:30Z">
          <reporter-output>
          </reporter-output>
        </test-method> <!-- flushReport -->
      </class> <!-- com.syntax.testcases.LoginPageTest -->
    </test> <!-- Regression Test -->
  </suite> <!-- Regression Suite -->
</testng-results>
