<?xml version="1.0" encoding="UTF-8"?>
<!-- Generated by org.testng.reporters.JUnitXMLReporter -->
<testsuite hostname="DESKTOP-HUJ08B6" ignored="2" name="Command line test" tests="4" failures="4" timestamp="16 Jun 2019 18:52:35 GMT" time="26.494" errors="0">
  <testcase name="excelTest" time="2.468" classname="com.syntax.practice.ExcelFunctionsTest">
    <failure type="java.lang.NullPointerException">
      <![CDATA[java.lang.NullPointerException
at com.syntax.utils.ExcelUtility.getRowNum(ExcelUtility.java:51)
at com.syntax.practice.ExcelFunctionsTest.excelTest(ExcelFunctionsTest.java:21)
... Removed 35 stack frames]]>
    </failure>
  </testcase> <!-- excelTest -->
  <testcase name="doLogin" time="0.029" classname="com.syntax.testcases.LoginPageTest">
    <failure type="java.lang.NullPointerException">
      <![CDATA[java.lang.NullPointerException
at com.syntax.testcases.LoginPageTest.doLogin(LoginPageTest.java:51)
... Removed 35 stack frames]]>
    </failure>
  </testcase> <!-- doLogin -->
  <testcase name="loginToOrangeHRM" time="0.088" classname="com.syntax.testcases.LoginPageTest">
    <failure type="java.lang.NullPointerException">
      <![CDATA[java.lang.NullPointerException
at com.syntax.testcases.LoginPageTest.loginToOrangeHRM(LoginPageTest.java:27)
... Removed 35 stack frames]]>
    </failure>
  </testcase> <!-- loginToOrangeHRM -->
  <testcase name="negativeLogin" time="0.001" classname="com.syntax.testcases.LoginPageTest">
    <failure type="java.lang.NullPointerException">
      <![CDATA[java.lang.NullPointerException
at com.syntax.testcases.LoginPageTest.negativeLogin(LoginPageTest.java:75)
... Removed 35 stack frames]]>
    </failure>
  </testcase> <!-- negativeLogin -->
  <testcase name="@BeforeTest generateReport" time="0.0" classname="com.syntax.utils.BaseClass">
    <ignored/>
  </testcase> <!-- @BeforeTest generateReport -->
  <testcase name="@AfterTest flushReport" time="0.0" classname="com.syntax.utils.BaseClass">
    <ignored/>
  </testcase> <!-- @AfterTest flushReport -->
</testsuite> <!-- Command line test -->
